<?xml version="1.0" encoding="UTF-8"?>
<testsuite name="MikoVerticleTest" tests="2" skipped="0" failures="0" errors="0" timestamp="2025-05-15T14:34:35" hostname="suraj" time="0.81">
  <properties/>
  <testcase name="createUserTest(Vertx, VertxTestContext)" classname="MikoVerticleTest" time="0.801"/>
  <testcase name="helloTest(Vertx, VertxTestContext)" classname="MikoVerticleTest" time="0.008"/>
  <system-out><![CDATA[Server started on port 8888
]]></system-out>
  <system-err><![CDATA[May 15, 2025 8:04:35 PM com.mchange.v2.log.MLog 
INFO: MLog clients using java 1.4+ standard logging.
May 15, 2025 8:04:36 PM com.mchange.v2.c3p0.C3P0Registry 
INFO: Initializing c3p0-0.9.5.5 [built 11-December-2019 22:18:33 -0800; debug? true; trace: 10]
May 15, 2025 8:04:36 PM com.mchange.v2.c3p0.impl.AbstractPoolBackedDataSource 
INFO: Initializing c3p0 pool... com.mchange.v2.c3p0.ComboPooledDataSource [ acquireIncrement -> 3, acquireRetryAttempts -> 30, acquireRetryDelay -> 1000, autoCommitOnClose -> false, automaticTestTable -> null, breakAfterAcquireFailure -> false, checkoutTimeout -> 0, connectionCustomizerClassName -> null, connectionTesterClassName -> com.mchange.v2.c3p0.impl.DefaultConnectionTester, contextClassLoaderSource -> caller, dataSourceName -> z8kfsxba1mxagr11lswc9a|1cd6468f, debugUnreturnedConnectionStackTraces -> false, description -> null, driverClass -> com.mysql.cj.jdbc.Driver, extensions -> {}, factoryClassLocation -> null, forceIgnoreUnresolvedTransactions -> false, forceSynchronousCheckins -> false, forceUseNamedDriverClass -> false, identityToken -> z8kfsxba1mxagr11lswc9a|1cd6468f, idleConnectionTestPeriod -> 0, initialPoolSize -> 3, jdbcUrl -> jdbc:mysql://localhost:3306/practise, maxAdministrativeTaskTime -> 0, maxConnectionAge -> 0, maxIdleTime -> 0, maxIdleTimeExcessConnections -> 0, maxPoolSize -> 15, maxStatements -> 0, maxStatementsPerConnection -> 0, minPoolSize -> 3, numHelperThreads -> 3, preferredTestQuery -> null, privilegeSpawnedThreads -> false, properties -> {user=******, password=******}, propertyCycle -> 0, statementCacheNumDeferredCloseThreads -> 0, testConnectionOnCheckin -> false, testConnectionOnCheckout -> false, unreturnedConnectionTimeout -> 0, userOverrides -> {}, usesTraditionalReflectiveProxies -> false ]
]]></system-err>
</testsuite>
